<?xml version="1.0" encoding="UTF-8"?>
<!-- Generated by org.testng.reporters.JUnitXMLReporter -->
<testsuite hostname="CE-20150821IBGT" name="Test" tests="7" failures="2" timestamp="19 Apr 2018 09:13:14 GMT" time="32.784" errors="0">
  <testcase name="f" time="0.006" classname="comm.JdongTest"/>
  <testcase name="f" time="0.001" classname="comm.JdongTest"/>
  <testcase name="returnurl" time="0.206" classname="comm.JdongTest"/>
  <testcase name="lgin" time="0.0" classname="Metria.TestMetr">
    <skipped/>
  </testcase> <!-- lgin -->
  <testcase name="loanLg" time="2.983" classname="comm.JdongTest">
    <failure type="org.testng.TestException" message="
Method JdongTest.loanLg(java.lang.String, java.lang.String)[pri:0, instance:comm.JdongTest@7e0ea639] should have thrown an exception of type class java.lang.InterruptedException">
      <![CDATA[org.testng.TestException: 
Method JdongTest.loanLg(java.lang.String, java.lang.String)[pri:0, instance:comm.JdongTest@7e0ea639] should have thrown an exception of type class java.lang.InterruptedException
	at org.testng.internal.ExpectedExceptionsHolder.noException(ExpectedExceptionsHolder.java:89)
	at org.testng.internal.Invoker.handleInvocationResults(Invoker.java:1376)
	at org.testng.internal.Invoker.invokeMethod(Invoker.java:677)
	at org.testng.internal.Invoker.invokeTestMethod(Invoker.java:816)
	at org.testng.internal.Invoker.invokeTestMethods(Invoker.java:1124)
	at org.testng.internal.TestMethodWorker.invokeTestMethods(TestMethodWorker.java:125)
	at org.testng.internal.TestMethodWorker.run(TestMethodWorker.java:108)
	at java.util.concurrent.ThreadPoolExecutor.runWorker(Unknown Source)
	at java.util.concurrent.ThreadPoolExecutor$Worker.run(Unknown Source)
	at java.lang.Thread.run(Unknown Source)
]]>
    </failure>
  </testcase> <!-- loanLg -->
  <testcase name="addpro" time="2.12" classname="comm.JdongTest"/>
  <testcase name="delePro" time="0.866" classname="comm.JdongTest">
    <failure type="org.openqa.selenium.InvalidSelectorException" message="The given selector .el-table__row hover-row&amp;gt;td:nth-type-of(4)&amp;gt;.cell&amp;gt;button :nth-type-of(1) is either invalid or does not result in a WebElement. The following error occurred:
InvalidSelectorError: An invalid or illegal selector was specified
Command duration or timeout: 0 milliseconds">
      <![CDATA[org.openqa.selenium.InvalidSelectorException: The given selector .el-table__row hover-row>td:nth-type-of(4)>.cell>button :nth-type-of(1) is either invalid or does not result in a WebElement. The following error occurred:
InvalidSelectorError: An invalid or illegal selector was specified
Command duration or timeout: 0 milliseconds
	at sun.reflect.NativeConstructorAccessorImpl.newInstance0(Native Method)
	at sun.reflect.NativeConstructorAccessorImpl.newInstance(Unknown Source)
	at sun.reflect.DelegatingConstructorAccessorImpl.newInstance(Unknown Source)
	at java.lang.reflect.Constructor.newInstance(Unknown Source)
	at org.openqa.selenium.remote.ErrorHandler.createThrowable(ErrorHandler.java:214)
	at org.openqa.selenium.remote.ErrorHandler.throwIfResponseFailed(ErrorHandler.java:166)
	at org.openqa.selenium.remote.http.JsonHttpResponseCodec.reconstructValue(JsonHttpResponseCodec.java:40)
	at org.openqa.selenium.remote.http.AbstractHttpResponseCodec.decode(AbstractHttpResponseCodec.java:80)
	at org.openqa.selenium.remote.http.AbstractHttpResponseCodec.decode(AbstractHttpResponseCodec.java:44)
	at org.openqa.selenium.remote.HttpCommandExecutor.execute(HttpCommandExecutor.java:160)
	at org.openqa.selenium.remote.service.DriverCommandExecutor.execute(DriverCommandExecutor.java:83)
	at org.openqa.selenium.remote.RemoteWebDriver.execute(RemoteWebDriver.java:601)
	at org.openqa.selenium.remote.RemoteWebDriver.findElement(RemoteWebDriver.java:371)
	at org.openqa.selenium.remote.RemoteWebDriver.findElementByCssSelector(RemoteWebDriver.java:465)
	at org.openqa.selenium.By$ByCssSelector.findElement(By.java:430)
	at org.openqa.selenium.remote.RemoteWebDriver.findElement(RemoteWebDriver.java:363)
	at comm.loanL.delePro(loanL.java:68)
	at comm.JdongTest.delePro(JdongTest.java:128)
	at sun.reflect.NativeMethodAccessorImpl.invoke0(Native Method)
	at sun.reflect.NativeMethodAccessorImpl.invoke(Unknown Source)
	at sun.reflect.DelegatingMethodAccessorImpl.invoke(Unknown Source)
	at java.lang.reflect.Method.invoke(Unknown Source)
	at org.testng.internal.MethodInvocationHelper.invokeMethod(MethodInvocationHelper.java:85)
	at org.testng.internal.Invoker.invokeMethod(Invoker.java:639)
	at org.testng.internal.Invoker.invokeTestMethod(Invoker.java:816)
	at org.testng.internal.Invoker.invokeTestMethods(Invoker.java:1124)
	at org.testng.internal.TestMethodWorker.invokeTestMethods(TestMethodWorker.java:125)
	at org.testng.internal.TestMethodWorker.run(TestMethodWorker.java:108)
	at java.util.concurrent.ThreadPoolExecutor.runWorker(Unknown Source)
	at java.util.concurrent.ThreadPoolExecutor$Worker.run(Unknown Source)
	at java.lang.Thread.run(Unknown Source)
Caused by: org.openqa.selenium.InvalidSelectorException: The given selector .el-table__row hover-row>td:nth-type-of(4)>.cell>button :nth-type-of(1) is either invalid or does not result in a WebElement. The following error occurred:
InvalidSelectorError: An invalid or illegal selector was specified
For documentation on this error, please visit: http://seleniumhq.org/exceptions/invalid_selector_exception.html
Build info: version: '3.9.1', revision: '63f7b50', time: '2018-02-07T22:42:28.403Z'
System info: host: 'CE-20150821IBGT', ip: '10.36.40.91', os.name: 'Windows 7', os.arch: 'amd64', os.version: '6.1', java.version: '1.8.0_141'
Driver info: driver.version: unknown
	at <anonymous class>.FirefoxDriver.annotateInvalidSelectorError_(file:///C:/Users/ADMINI~1/AppData/Local/Temp/anonymous4852225490714933631webdriver-profile/extensions/fxdriver@googlecode.com/components/driver-component.js:11858)
	at <anonymous class>.FirefoxDriver.prototype.findElementInternal_(file:///C:/Users/ADMINI~1/AppData/Local/Temp/anonymous4852225490714933631webdriver-profile/extensions/fxdriver@googlecode.com/components/driver-component.js:11889)
	at <anonymous class>.FirefoxDriver.prototype.findElement(file:///C:/Users/ADMINI~1/AppData/Local/Temp/anonymous4852225490714933631webdriver-profile/extensions/fxdriver@googlecode.com/components/driver-component.js:11893)
	at <anonymous class>.DelayedCommand.prototype.executeInternal_/k(file:///C:/Users/ADMINI~1/AppData/Local/Temp/anonymous4852225490714933631webdriver-profile/extensions/fxdriver@googlecode.com/components/command-processor.js:13378)
	at <anonymous class>.DelayedCommand.prototype.executeInternal_(file:///C:/Users/ADMINI~1/AppData/Local/Temp/anonymous4852225490714933631webdriver-profile/extensions/fxdriver@googlecode.com/components/command-processor.js:13383)
	at <anonymous class>.DelayedCommand.prototype.execute/<(file:///C:/Users/ADMINI~1/AppData/Local/Temp/anonymous4852225490714933631webdriver-profile/extensions/fxdriver@googlecode.com/components/command-processor.js:13325)
]]>
    </failure>
  </testcase> <!-- delePro -->
</testsuite> <!-- Test -->
