<?xml version="1.0" encoding="UTF-8"?>
<testng-results skipped="0" failed="1" total="3" passed="2">
  <reporter-output>
  </reporter-output>
  <suite name="suiteM" duration-ms="52923" started-at="2018-04-23T08:33:02Z" finished-at="2018-04-23T08:33:55Z">
    <groups>
      <group name="testdel">
        <method signature="TestMetr.del()[pri:0, instance:Metria.TestMetr@7f63425a]" name="del" class="Metria.TestMetr"/>
      </group> <!-- testdel -->
    </groups>
    <test name="Test" duration-ms="52923" started-at="2018-04-23T08:33:02Z" finished-at="2018-04-23T08:33:55Z">
      <class name="Metria.TestMetr">
        <test-method status="PASS" signature="Befclass()[pri:0, instance:Metria.TestMetr@7f63425a]" name="Befclass" is-config="true" duration-ms="18859" started-at="2018-04-23T16:33:02Z" finished-at="2018-04-23T16:33:21Z">
          <reporter-output>
          </reporter-output>
        </test-method> <!-- Befclass -->
        <test-method status="PASS" signature="lgin(java.lang.String, java.lang.String)[pri:0, instance:Metria.TestMetr@7f63425a]" name="lgin" duration-ms="894" started-at="2018-04-23T16:33:21Z" data-provider="loanParam" finished-at="2018-04-23T16:33:22Z">
          <params>
            <param index="0">
              <value>
                <![CDATA[admin]]>
              </value>
            </param>
            <param index="1">
              <value>
                <![CDATA[111111]]>
              </value>
            </param>
          </params>
          <reporter-output>
          </reporter-output>
        </test-method> <!-- lgin -->
        <test-method status="PASS" signature="add()[pri:0, instance:Metria.TestMetr@7f63425a]" name="add" duration-ms="2577" started-at="2018-04-23T16:33:22Z" depends-on-methods="Metria.TestMetr.lgin" finished-at="2018-04-23T16:33:24Z">
          <reporter-output>
          </reporter-output>
        </test-method> <!-- add -->
        <test-method status="FAIL" signature="del()[pri:0, instance:Metria.TestMetr@7f63425a]" name="del" duration-ms="30476" started-at="2018-04-23T16:33:24Z" depends-on-methods="Metria.TestMetr.add" finished-at="2018-04-23T16:33:55Z">
          <exception class="org.openqa.selenium.NoSuchElementException">
            <message>
              <![CDATA[Unable to locate element: {"method":"xpath","selector":"//td[@class='el-table_1_column_3']/div[@class='cell']/button[@type='button'][3]"}
Command duration or timeout: 0 milliseconds]]>
            </message>
            <full-stacktrace>
              <![CDATA[org.openqa.selenium.NoSuchElementException: Unable to locate element: {"method":"xpath","selector":"//td[@class='el-table_1_column_3']/div[@class='cell']/button[@type='button'][3]"}
Command duration or timeout: 0 milliseconds
	at sun.reflect.NativeConstructorAccessorImpl.newInstance0(Native Method)
	at sun.reflect.NativeConstructorAccessorImpl.newInstance(Unknown Source)
	at sun.reflect.DelegatingConstructorAccessorImpl.newInstance(Unknown Source)
	at java.lang.reflect.Constructor.newInstance(Unknown Source)
	at org.openqa.selenium.remote.ErrorHandler.createThrowable(ErrorHandler.java:214)
	at org.openqa.selenium.remote.ErrorHandler.throwIfResponseFailed(ErrorHandler.java:166)
	at org.openqa.selenium.remote.http.JsonHttpResponseCodec.reconstructValue(JsonHttpResponseCodec.java:40)
	at org.openqa.selenium.remote.http.AbstractHttpResponseCodec.decode(AbstractHttpResponseCodec.java:80)
	at org.openqa.selenium.remote.http.AbstractHttpResponseCodec.decode(AbstractHttpResponseCodec.java:44)
	at org.openqa.selenium.remote.HttpCommandExecutor.execute(HttpCommandExecutor.java:160)
	at org.openqa.selenium.remote.service.DriverCommandExecutor.execute(DriverCommandExecutor.java:83)
	at org.openqa.selenium.remote.RemoteWebDriver.execute(RemoteWebDriver.java:601)
	at org.openqa.selenium.remote.RemoteWebDriver.findElement(RemoteWebDriver.java:371)
	at org.openqa.selenium.remote.RemoteWebDriver.findElementByXPath(RemoteWebDriver.java:473)
	at org.openqa.selenium.By$ByXPath.findElement(By.java:361)
	at org.openqa.selenium.remote.RemoteWebDriver.findElement(RemoteWebDriver.java:363)
	at Metria.addMetr.del(addMetr.java:49)
	at Metria.TestMetr.del(TestMetr.java:46)
	at sun.reflect.NativeMethodAccessorImpl.invoke0(Native Method)
	at sun.reflect.NativeMethodAccessorImpl.invoke(Unknown Source)
	at sun.reflect.DelegatingMethodAccessorImpl.invoke(Unknown Source)
	at java.lang.reflect.Method.invoke(Unknown Source)
	at org.testng.internal.MethodInvocationHelper.invokeMethod(MethodInvocationHelper.java:85)
	at org.testng.internal.Invoker.invokeMethod(Invoker.java:639)
	at org.testng.internal.Invoker.invokeTestMethod(Invoker.java:816)
	at org.testng.internal.Invoker.invokeTestMethods(Invoker.java:1124)
	at org.testng.internal.TestMethodWorker.invokeTestMethods(TestMethodWorker.java:125)
	at org.testng.internal.TestMethodWorker.run(TestMethodWorker.java:108)
	at java.util.concurrent.ThreadPoolExecutor.runWorker(Unknown Source)
	at java.util.concurrent.ThreadPoolExecutor$Worker.run(Unknown Source)
	at java.lang.Thread.run(Unknown Source)
Caused by: org.openqa.selenium.NoSuchElementException: Unable to locate element: {"method":"xpath","selector":"//td[@class='el-table_1_column_3']/div[@class='cell']/button[@type='button'][3]"}
For documentation on this error, please visit: http://seleniumhq.org/exceptions/no_such_element.html
Build info: version: '3.9.1', revision: '63f7b50', time: '2018-02-07T22:42:28.403Z'
System info: host: 'CE-20150821IBGT', ip: '10.36.40.91', os.name: 'Windows 7', os.arch: 'amd64', os.version: '6.1', java.version: '1.8.0_141'
Driver info: driver.version: unknown
	at <anonymous class>.FirefoxDriver.prototype.findElementInternal_(file:///C:/Users/ADMINI~1/AppData/Local/Temp/anonymous1505374216930056560webdriver-profile/extensions/fxdriver@googlecode.com/components/driver-component.js:11884)
	at <anonymous class>.fxdriver.Timer.prototype.setTimeout/<.notify(file:///C:/Users/ADMINI~1/AppData/Local/Temp/anonymous1505374216930056560webdriver-profile/extensions/fxdriver@googlecode.com/components/driver-component.js:918)
]]>
            </full-stacktrace>
          </exception> <!-- org.openqa.selenium.NoSuchElementException -->
          <reporter-output>
          </reporter-output>
        </test-method> <!-- del -->
        <test-method status="PASS" signature="after()[pri:0, instance:Metria.TestMetr@7f63425a]" name="after" is-config="true" duration-ms="0" started-at="2018-04-23T16:33:55Z" finished-at="2018-04-23T16:33:55Z">
          <reporter-output>
          </reporter-output>
        </test-method> <!-- after -->
      </class> <!-- Metria.TestMetr -->
    </test> <!-- Test -->
  </suite> <!-- suiteM -->
</testng-results>
