<?xml version="1.0" encoding="UTF-8"?>
<!-- Generated by org.testng.reporters.JUnitReportReporter -->
<testsuite hostname="CE-20150821IBGT" name="comm.JdongTest" tests="6" failures="0" timestamp="19 Apr 2018 10:23:13 GMT" time="4.975" errors="1">
  <testcase name="delePro" time="0.076" classname="comm.JdongTest">
    <error type="org.openqa.selenium.InvalidSelectorException" message="The given selector .el-table__row hover-row&gt;td:nth-type-of(4)&gt;.cell&gt;button :nth-type-of(1) is either invalid or does not result in a WebElement. The following error occurred:
InvalidSelectorError: An invalid or illegal selector was specified
Command duration or timeout: 0 milliseconds">
      <![CDATA[org.openqa.selenium.InvalidSelectorException: The given selector .el-table__row hover-row>td:nth-type-of(4)>.cell>button :nth-type-of(1) is either invalid or does not result in a WebElement. The following error occurred:
InvalidSelectorError: An invalid or illegal selector was specified
Command duration or timeout: 0 milliseconds
	at sun.reflect.NativeConstructorAccessorImpl.newInstance0(Native Method)
	at sun.reflect.NativeConstructorAccessorImpl.newInstance(Unknown Source)
	at sun.reflect.DelegatingConstructorAccessorImpl.newInstance(Unknown Source)
	at java.lang.reflect.Constructor.newInstance(Unknown Source)
	at org.openqa.selenium.remote.ErrorHandler.createThrowable(ErrorHandler.java:214)
	at org.openqa.selenium.remote.ErrorHandler.throwIfResponseFailed(ErrorHandler.java:166)
	at org.openqa.selenium.remote.http.JsonHttpResponseCodec.reconstructValue(JsonHttpResponseCodec.java:40)
	at org.openqa.selenium.remote.http.AbstractHttpResponseCodec.decode(AbstractHttpResponseCodec.java:80)
	at org.openqa.selenium.remote.http.AbstractHttpResponseCodec.decode(AbstractHttpResponseCodec.java:44)
	at org.openqa.selenium.remote.HttpCommandExecutor.execute(HttpCommandExecutor.java:160)
	at org.openqa.selenium.remote.service.DriverCommandExecutor.execute(DriverCommandExecutor.java:83)
	at org.openqa.selenium.remote.RemoteWebDriver.execute(RemoteWebDriver.java:601)
	at org.openqa.selenium.remote.RemoteWebDriver.findElement(RemoteWebDriver.java:371)
	at org.openqa.selenium.remote.RemoteWebDriver.findElementByCssSelector(RemoteWebDriver.java:465)
	at org.openqa.selenium.By$ByCssSelector.findElement(By.java:430)
	at org.openqa.selenium.remote.RemoteWebDriver.findElement(RemoteWebDriver.java:363)
	at comm.loanL.delePro(loanL.java:68)
	at comm.JdongTest.delePro(JdongTest.java:130)
	at sun.reflect.NativeMethodAccessorImpl.invoke0(Native Method)
	at sun.reflect.NativeMethodAccessorImpl.invoke(Unknown Source)
	at sun.reflect.DelegatingMethodAccessorImpl.invoke(Unknown Source)
	at java.lang.reflect.Method.invoke(Unknown Source)
	at org.testng.internal.MethodInvocationHelper.invokeMethod(MethodInvocationHelper.java:85)
	at org.testng.internal.Invoker.invokeMethod(Invoker.java:639)
	at org.testng.internal.Invoker.invokeTestMethod(Invoker.java:816)
	at org.testng.internal.Invoker.invokeTestMethods(Invoker.java:1124)
	at org.testng.internal.TestMethodWorker.invokeTestMethods(TestMethodWorker.java:125)
	at org.testng.internal.TestMethodWorker.run(TestMethodWorker.java:108)
	at java.util.concurrent.ThreadPoolExecutor.runWorker(Unknown Source)
	at java.util.concurrent.ThreadPoolExecutor$Worker.run(Unknown Source)
	at java.lang.Thread.run(Unknown Source)
Caused by: org.openqa.selenium.InvalidSelectorException: The given selector .el-table__row hover-row>td:nth-type-of(4)>.cell>button :nth-type-of(1) is either invalid or does not result in a WebElement. The following error occurred:
InvalidSelectorError: An invalid or illegal selector was specified
For documentation on this error, please visit: http://seleniumhq.org/exceptions/invalid_selector_exception.html
Build info: version: '3.9.1', revision: '63f7b50', time: '2018-02-07T22:42:28.403Z'
System info: host: 'CE-20150821IBGT', ip: '10.36.40.91', os.name: 'Windows 7', os.arch: 'amd64', os.version: '6.1', java.version: '1.8.0_141'
Driver info: driver.version: unknown
	at <anonymous class>.FirefoxDriver.annotateInvalidSelectorError_(file:///C:/Users/ADMINI~1/AppData/Local/Temp/anonymous7678910908640829723webdriver-profile/extensions/fxdriver@googlecode.com/components/driver-component.js:11858)
	at <anonymous class>.FirefoxDriver.prototype.findElementInternal_(file:///C:/Users/ADMINI~1/AppData/Local/Temp/anonymous7678910908640829723webdriver-profile/extensions/fxdriver@googlecode.com/components/driver-component.js:11889)
	at <anonymous class>.FirefoxDriver.prototype.findElement(file:///C:/Users/ADMINI~1/AppData/Local/Temp/anonymous7678910908640829723webdriver-profile/extensions/fxdriver@googlecode.com/components/driver-component.js:11893)
	at <anonymous class>.DelayedCommand.prototype.executeInternal_/k(file:///C:/Users/ADMINI~1/AppData/Local/Temp/anonymous7678910908640829723webdriver-profile/extensions/fxdriver@googlecode.com/components/command-processor.js:13378)
	at <anonymous class>.DelayedCommand.prototype.executeInternal_(file:///C:/Users/ADMINI~1/AppData/Local/Temp/anonymous7678910908640829723webdriver-profile/extensions/fxdriver@googlecode.com/components/command-processor.js:13383)
	at <anonymous class>.DelayedCommand.prototype.execute/<(file:///C:/Users/ADMINI~1/AppData/Local/Temp/anonymous7678910908640829723webdriver-profile/extensions/fxdriver@googlecode.com/components/command-processor.js:13325)
]]>
    </error>
  </testcase> <!-- delePro -->
  <testcase name="f" time="0.005" classname="comm.JdongTest"/>
  <testcase name="f" time="0.009" classname="comm.JdongTest"/>
  <testcase name="addpro" time="2.095" classname="comm.JdongTest"/>
  <testcase name="returnurl" time="0.029" classname="comm.JdongTest"/>
  <testcase name="loanLg" time="2.761" classname="comm.JdongTest"/>
</testsuite> <!-- comm.JdongTest -->
